<?xml version="1.0" encoding="UTF-8"?>
<testsuite xmlns:xsi="http://www.w3.org/2001/XMLSchema-instance" xsi:noNamespaceSchemaLocation="https://maven.apache.org/surefire/maven-surefire-plugin/xsd/surefire-test-report-3.0.xsd" version="3.0" name="com.techcorp.employee.controller.EmployeeControllerTest" time="5.937" tests="8" errors="0" skipped="0" failures="0">
  <properties>
[...]
</properties>
  <testcase name="testDeleteEmployee" classname="com.techcorp.employee.controller.EmployeeControllerTest" time="0.373">
    <system-out><![CDATA[10:41:16.038 [main] INFO org.springframework.test.context.support.AnnotationConfigContextLoaderUtils -- Could not detect default configuration classes for test class [com.techcorp.employee.controller.EmployeeControllerTest]: EmployeeControllerTest does not declare any static, non-private, non-final, nested classes annotated with @Configuration.
10:41:16.308 [main] INFO org.springframework.boot.test.context.SpringBootTestContextBootstrapper -- Found @SpringBootConfiguration com.techcorp.employee.EmployeeManagementApplication for test class com.techcorp.employee.controller.EmployeeControllerTest

  .   ____          _            __ _ _
 /\\ / ___'_ __ _ _(_)_ __  __ _ \ \ \ \
( ( )\___ | '_ | '_| | '_ \/ _` | \ \ \ \
 \\/  ___)| |_)| | | | | || (_| |  ) ) ) )
  '  |____| .__|_| |_|_| |_\__, | / / / /
 =========|_|==============|___/=/_/_/_/

 :: Spring Boot ::                (v3.3.4)

2025-11-06T10:41:17.034+01:00  INFO 6232 --- [employee-management-api] [           main] c.t.e.controller.EmployeeControllerTest  : Starting EmployeeControllerTest using Java 17.0.16 with PID 6232 (started by leoni in C:\Users\leoni\Documents\Studia\Semestr 5\Aplikacje przemyslowe - laboratorium\aplikacje_przemyslowe_Springboot)
2025-11-06T10:41:17.037+01:00  INFO 6232 --- [employee-management-api] [           main] c.t.e.controller.EmployeeControllerTest  : No active profile set, falling back to 1 default profile: "default"
2025-11-06T10:41:20.712+01:00  INFO 6232 --- [employee-management-api] [           main] o.s.b.t.m.w.SpringBootMockServletContext : Initializing Spring TestDispatcherServlet ''
2025-11-06T10:41:20.713+01:00  INFO 6232 --- [employee-management-api] [           main] o.s.t.web.servlet.TestDispatcherServlet  : Initializing Servlet ''
2025-11-06T10:41:20.718+01:00  INFO 6232 --- [employee-management-api] [           main] o.s.t.web.servlet.TestDispatcherServlet  : Completed initialization in 2 ms
2025-11-06T10:41:20.768+01:00  INFO 6232 --- [employee-management-api] [           main] c.t.e.controller.EmployeeControllerTest  : Started EmployeeControllerTest in 4.318 seconds (process running for 6.108)
]]></system-out>
  </testcase>
  <testcase name="testGetEmployeeByEmail" classname="com.techcorp.employee.controller.EmployeeControllerTest" time="0.238"/>
  <testcase name="testPostNewEmployee" classname="com.techcorp.employee.controller.EmployeeControllerTest" time="0.115"/>
  <testcase name="testGetEmployeeNotFound" classname="com.techcorp.employee.controller.EmployeeControllerTest" time="0.01"/>
  <testcase name="testPatchUpdateStatus" classname="com.techcorp.employee.controller.EmployeeControllerTest" time="0.012"/>
  <testcase name="testGetAllEmployees" classname="com.techcorp.employee.controller.EmployeeControllerTest" time="0.02"/>
  <testcase name="testPostDuplicateEmployee" classname="com.techcorp.employee.controller.EmployeeControllerTest" time="0.014"/>
  <testcase name="testFilterEmployeesByCompany" classname="com.techcorp.employee.controller.EmployeeControllerTest" time="0.012"/>
</testsuite>