<?xml version="1.0" encoding="UTF-8"?>
<testsuite xmlns:xsi="http://www.w3.org/2001/XMLSchema-instance" xsi:noNamespaceSchemaLocation="https://maven.apache.org/surefire/maven-surefire-plugin/xsd/surefire-test-report-3.0.xsd" version="3.0" name="com.techcorp.employee.service.ImportServiceTest" time="0.064" tests="7" errors="7" skipped="0" failures="0">
  <properties>
[...]
</properties>
  <testcase name="testImportSkipsHeaderLine" classname="com.techcorp.employee.service.ImportServiceTest" time="0.021">
    <error type="java.lang.NullPointerException"><![CDATA[java.lang.NullPointerException
	at java.base/java.io.Reader.<init>(Reader.java:168)
	at java.base/java.io.InputStreamReader.<init>(InputStreamReader.java:76)
	at com.techcorp.employee.service.ImportService.importFromCsv(ImportService.java:38)
	at com.techcorp.employee.service.ImportServiceTest.testImportSkipsHeaderLine(ImportServiceTest.java:140)
	at java.base/java.lang.reflect.Method.invoke(Method.java:569)
	at java.base/java.util.ArrayList.forEach(ArrayList.java:1511)
	at java.base/java.util.ArrayList.forEach(ArrayList.java:1511)
]]></error>
    <system-out><![CDATA[2025-10-28T22:48:52.297+01:00  INFO 20176 --- [           main] c.t.employee.service.EmployeeService     : EmployeeService utworzony z pustą listą pracowników.
]]></system-out>
  </testcase>
  <testcase name="testImportValidSingleEmployeeHasNoErrors" classname="com.techcorp.employee.service.ImportServiceTest" time="0.005">
    <error type="java.lang.NullPointerException"><![CDATA[java.lang.NullPointerException
	at java.base/java.io.Reader.<init>(Reader.java:168)
	at java.base/java.io.InputStreamReader.<init>(InputStreamReader.java:76)
	at com.techcorp.employee.service.ImportService.importFromCsv(ImportService.java:38)
	at com.techcorp.employee.service.ImportServiceTest.testImportValidSingleEmployeeHasNoErrors(ImportServiceTest.java:62)
	at java.base/java.lang.reflect.Method.invoke(Method.java:569)
	at java.base/java.util.ArrayList.forEach(ArrayList.java:1511)
	at java.base/java.util.ArrayList.forEach(ArrayList.java:1511)
]]></error>
    <system-out><![CDATA[2025-10-28T22:48:52.317+01:00  INFO 20176 --- [           main] c.t.employee.service.EmployeeService     : EmployeeService utworzony z pustą listą pracowników.
]]></system-out>
  </testcase>
  <testcase name="testImportValidSingleEmployeeCountIsOne" classname="com.techcorp.employee.service.ImportServiceTest" time="0.007">
    <error type="java.lang.NullPointerException"><![CDATA[java.lang.NullPointerException
	at java.base/java.io.Reader.<init>(Reader.java:168)
	at java.base/java.io.InputStreamReader.<init>(InputStreamReader.java:76)
	at com.techcorp.employee.service.ImportService.importFromCsv(ImportService.java:38)
	at com.techcorp.employee.service.ImportServiceTest.testImportValidSingleEmployeeCountIsOne(ImportServiceTest.java:46)
	at java.base/java.lang.reflect.Method.invoke(Method.java:569)
	at java.base/java.util.ArrayList.forEach(ArrayList.java:1511)
	at java.base/java.util.ArrayList.forEach(ArrayList.java:1511)
]]></error>
    <system-out><![CDATA[2025-10-28T22:48:52.323+01:00  INFO 20176 --- [           main] c.t.employee.service.EmployeeService     : EmployeeService utworzony z pustą listą pracowników.
]]></system-out>
  </testcase>
  <testcase name="testImportUnknownJobTitleAddsError" classname="com.techcorp.employee.service.ImportServiceTest" time="0.007">
    <error type="java.lang.NullPointerException"><![CDATA[java.lang.NullPointerException
	at java.base/java.io.Reader.<init>(Reader.java:168)
	at java.base/java.io.InputStreamReader.<init>(InputStreamReader.java:76)
	at com.techcorp.employee.service.ImportService.importFromCsv(ImportService.java:38)
	at com.techcorp.employee.service.ImportServiceTest.testImportUnknownJobTitleAddsError(ImportServiceTest.java:95)
	at java.base/java.lang.reflect.Method.invoke(Method.java:569)
	at java.base/java.util.ArrayList.forEach(ArrayList.java:1511)
	at java.base/java.util.ArrayList.forEach(ArrayList.java:1511)
]]></error>
    <system-out><![CDATA[2025-10-28T22:48:52.331+01:00  INFO 20176 --- [           main] c.t.employee.service.EmployeeService     : EmployeeService utworzony z pustą listą pracowników.
]]></system-out>
  </testcase>
  <testcase name="testImportInvalidFieldCountAddsError" classname="com.techcorp.employee.service.ImportServiceTest" time="0.007">
    <error type="java.lang.NullPointerException"><![CDATA[java.lang.NullPointerException
	at java.base/java.io.Reader.<init>(Reader.java:168)
	at java.base/java.io.InputStreamReader.<init>(InputStreamReader.java:76)
	at com.techcorp.employee.service.ImportService.importFromCsv(ImportService.java:38)
	at com.techcorp.employee.service.ImportServiceTest.testImportInvalidFieldCountAddsError(ImportServiceTest.java:78)
	at java.base/java.lang.reflect.Method.invoke(Method.java:569)
	at java.base/java.util.ArrayList.forEach(ArrayList.java:1511)
	at java.base/java.util.ArrayList.forEach(ArrayList.java:1511)
]]></error>
    <system-out><![CDATA[2025-10-28T22:48:52.340+01:00  INFO 20176 --- [           main] c.t.employee.service.EmployeeService     : EmployeeService utworzony z pustą listą pracowników.
]]></system-out>
  </testcase>
  <testcase name="testImportFileNotFoundAddsError" classname="com.techcorp.employee.service.ImportServiceTest" time="0.002">
    <error type="java.lang.NullPointerException"><![CDATA[java.lang.NullPointerException
	at java.base/java.io.Reader.<init>(Reader.java:168)
	at java.base/java.io.InputStreamReader.<init>(InputStreamReader.java:76)
	at com.techcorp.employee.service.ImportService.importFromCsv(ImportService.java:38)
	at com.techcorp.employee.service.ImportServiceTest.testImportFileNotFoundAddsError(ImportServiceTest.java:107)
	at java.base/java.lang.reflect.Method.invoke(Method.java:569)
	at java.base/java.util.ArrayList.forEach(ArrayList.java:1511)
	at java.base/java.util.ArrayList.forEach(ArrayList.java:1511)
]]></error>
    <system-out><![CDATA[2025-10-28T22:48:52.347+01:00  INFO 20176 --- [           main] c.t.employee.service.EmployeeService     : EmployeeService utworzony z pustą listą pracowników.
]]></system-out>
  </testcase>
  <testcase name="testImportSkipsEmptyLine" classname="com.techcorp.employee.service.ImportServiceTest" time="0.007">
    <error type="java.lang.NullPointerException"><![CDATA[java.lang.NullPointerException
	at java.base/java.io.Reader.<init>(Reader.java:168)
	at java.base/java.io.InputStreamReader.<init>(InputStreamReader.java:76)
	at com.techcorp.employee.service.ImportService.importFromCsv(ImportService.java:38)
	at com.techcorp.employee.service.ImportServiceTest.testImportSkipsEmptyLine(ImportServiceTest.java:125)
	at java.base/java.lang.reflect.Method.invoke(Method.java:569)
	at java.base/java.util.ArrayList.forEach(ArrayList.java:1511)
	at java.base/java.util.ArrayList.forEach(ArrayList.java:1511)
]]></error>
    <system-out><![CDATA[2025-10-28T22:48:52.351+01:00  INFO 20176 --- [           main] c.t.employee.service.EmployeeService     : EmployeeService utworzony z pustą listą pracowników.
]]></system-out>
  </testcase>
</testsuite>